[2020-06-22 14:53:23] local.ERROR: InvalidArgumentException: Please provide a valid cache path. in /Applications/XAMPP/xamppfiles/htdocs/Atypikhouse_gilbert/vendor/laravel/framework/src/Illuminate/View/Compilers/Compiler.php:36
Stack trace:
#0 /Applications/XAMPP/xamppfiles/htdocs/Atypikhouse_gilbert/vendor/laravel/framework/src/Illuminate/View/ViewServiceProvider.php(128): Illuminate\View\Compilers\Compiler->__construct(Object(Illuminate\Filesystem\Filesystem), false)
#1 /Applications/XAMPP/xamppfiles/htdocs/Atypikhouse_gilbert/vendor/laravel/framework/src/Illuminate/Container/Container.php(726): Illuminate\View\ViewServiceProvider->Illuminate\View\{closure}(Object(Illuminate\Foundation\Application), Array)
#2 /Applications/XAMPP/xamppfiles/htdocs/Atypikhouse_gilbert/vendor/laravel/framework/src/Illuminate/Container/Container.php(608): Illuminate\Container\Container->build(Object(Closure))
#3 /Applications/XAMPP/xamppfiles/htdocs/Atypikhouse_gilbert/vendor/laravel/framework/src/Illuminate/Container/Container.php(575): Illuminate\Container\Container->resolve('blade.compiler')
#4 /Applications/XAMPP/xamppfiles/htdocs/Atypikhouse_gilbert/vendor/laravel/framework/src/Illuminate/Foundation/Application.php(728): Illuminate\Container\Container->make('blade.compiler')
#5 /Applications/XAMPP/xamppfiles/htdocs/Atypikhouse_gilbert/vendor/laravel/framework/src/Illuminate/Container/Container.php(1172): Illuminate\Foundation\Application->make('blade.compiler')
#6 /Applications/XAMPP/xamppfiles/htdocs/Atypikhouse_gilbert/vendor/laravel/framework/src/Illuminate/View/ViewServiceProvider.php(133): Illuminate\Container\Container->offsetGet('blade.compiler')
#7 [internal function]: Illuminate\View\ViewServiceProvider->Illuminate\View\{closure}()
#8 /Applications/XAMPP/xamppfiles/htdocs/Atypikhouse_gilbert/vendor/laravel/framework/src/Illuminate/View/Engines/EngineResolver.php(54): call_user_func(Object(Closure))
#9 /Applications/XAMPP/xamppfiles/htdocs/Atypikhouse_gilbert/vendor/laravel/framework/src/Illuminate/View/Factory.php(263): Illuminate\View\Engines\EngineResolver->resolve('blade')
#10 /Applications/XAMPP/xamppfiles/htdocs/Atypikhouse_gilbert/vendor/laravel/framework/src/Illuminate/View/Factory.php(227): Illuminate\View\Factory->getEngineFromPath('/Applications/X...')
#11 /Applications/XAMPP/xamppfiles/htdocs/Atypikhouse_gilbert/vendor/laravel/framework/src/Illuminate/View/Factory.php(136): Illuminate\View\Factory->viewInstance('home', '/Applications/X...', Array)
#12 /Applications/XAMPP/xamppfiles/htdocs/Atypikhouse_gilbert/vendor/laravel/framework/src/Illuminate/Foundation/helpers.php(885): Illuminate\View\Factory->make('home', Array, Array)
#13 /Applications/XAMPP/xamppfiles/htdocs/Atypikhouse_gilbert/app/Http/Controllers/HomeController.php(36): view('home')
#14 [internal function]: App\Http\Controllers\HomeController->index(Object(Illuminate\Http\Request))
#15 /Applications/XAMPP/xamppfiles/htdocs/Atypikhouse_gilbert/vendor/laravel/framework/src/Illuminate/Routing/Controller.php(55): call_user_func_array(Array, Array)
#16 /Applications/XAMPP/xamppfiles/htdocs/Atypikhouse_gilbert/vendor/laravel/framework/src/Illuminate/Routing/ControllerDispatcher.php(44): Illuminate\Routing\Controller->callAction('index', Array)
#17 /Applications/XAMPP/xamppfiles/htdocs/Atypikhouse_gilbert/vendor/laravel/framework/src/Illuminate/Routing/Route.php(203): Illuminate\Routing\ControllerDispatcher->dispatch(Object(Illuminate\Routing\Route), Object(App\Http\Controllers\HomeController), 'index')
#18 /Applications/XAMPP/xamppfiles/htdocs/Atypikhouse_gilbert/vendor/laravel/framework/src/Illuminate/Routing/Route.php(160): Illuminate\Routing\Route->runController()
#19 /Applications/XAMPP/xamppfiles/htdocs/Atypikhouse_gilbert/vendor/laravel/framework/src/Illuminate/Routing/Router.php(572): Illuminate\Routing\Route->run()
#20 /Applications/XAMPP/xamppfiles/htdocs/Atypikhouse_gilbert/vendor/laravel/framework/src/Illuminate/Routing/Pipeline.php(30): Illuminate\Routing\Router->Illuminate\Routing\{closure}(Object(Illuminate\Http\Request))
#21 /Applications/XAMPP/xamppfiles/htdocs/Atypikhouse_gilbert/vendor/laravel/framework/src/Illuminate/Routing/Middleware/SubstituteBindings.php(41): Illuminate\Routing\Pipeline->Illuminate\Routing\{closure}(Object(Illuminate\Http\Request))
#22 /Applications/XAMPP/xamppfiles/htdocs/Atypikhouse_gilbert/vendor/laravel/framework/src/Illuminate/Pipeline/Pipeline.php(148): Illuminate\Routing\Middleware\SubstituteBindings->handle(Object(Illuminate\Http\Request), Object(Closure))
#23 /Applications/XAMPP/xamppfiles/htdocs/Atypikhouse_gilbert/vendor/laravel/framework/src/Illuminate/Routing/Pipeline.php(53): Illuminate\Pipeline\Pipeline->Illuminate\Pipeline\{closure}(Object(Illuminate\Http\Request))
#24 /Applications/XAMPP/xamppfiles/htdocs/Atypikhouse_gilbert/vendor/laravel/framework/src/Illuminate/View/Middleware/ShareErrorsFromSession.php(49): Illuminate\Routing\Pipeline->Illuminate\Routing\{closure}(Object(Illuminate\Http\Request))
#25 /Applications/XAMPP/xamppfiles/htdocs/Atypikhouse_gilbert/vendor/laravel/framework/src/Illuminate/Pipeline/Pipeline.php(148): Illuminate\View\Middleware\ShareErrorsFromSession->handle(Object(Illuminate\Http\Request), Object(Closure))
#26 /Applications/XAMPP/xamppfiles/htdocs/Atypikhouse_gilbert/vendor/laravel/framework/src/Illuminate/Routing/Pipeline.php(53): Illuminate\Pipeline\Pipeline->Illuminate\Pipeline\{closure}(Object(Illuminate\Http\Request))
#27 /Applications/XAMPP/xamppfiles/htdocs/Atypikhouse_gilbert/vendor/laravel/framework/src/Illuminate/Session/Middleware/StartSession.php(64): Illuminate\Routing\Pipeline->Illuminate\Routing\{closure}(Object(Illuminate\Http\Request))
#28 /Applications/XAMPP/xamppfiles/htdocs/Atypikhouse_gilbert/vendor/laravel/framework/src/Illuminate/Pipeline/Pipeline.php(148): Illuminate\Session\Middleware\StartSession->handle(Object(Illuminate\Http\Request), Object(Closure))
#29 /Applications/XAMPP/xamppfiles/htdocs/Atypikhouse_gilbert/vendor/laravel/framework/src/Illuminate/Routing/Pipeline.php(53): Illuminate\Pipeline\Pipeline->Illuminate\Pipeline\{closure}(Object(Illuminate\Http\Request))
#30 /Applications/XAMPP/xamppfiles/htdocs/Atypikhouse_gilbert/vendor/laravel/framework/src/Illuminate/Cookie/Middleware/AddQueuedCookiesToResponse.php(37): Illuminate\Routing\Pipeline->Illuminate\Routing\{closure}(Object(Illuminate\Http\Request))
#31 /Applications/XAMPP/xamppfiles/htdocs/Atypikhouse_gilbert/vendor/laravel/framework/src/Illuminate/Pipeline/Pipeline.php(148): Illuminate\Cookie\Middleware\AddQueuedCookiesToResponse->handle(Object(Illuminate\Http\Request), Object(Closure))
#32 /Applications/XAMPP/xamppfiles/htdocs/Atypikhouse_gilbert/vendor/laravel/framework/src/Illuminate/Routing/Pipeline.php(53): Illuminate\Pipeline\Pipeline->Illuminate\Pipeline\{closure}(Object(Illuminate\Http\Request))
#33 /Applications/XAMPP/xamppfiles/htdocs/Atypikhouse_gilbert/vendor/laravel/framework/src/Illuminate/Cookie/Middleware/EncryptCookies.php(59): Illuminate\Routing\Pipeline->Illuminate\Routing\{closure}(Object(Illuminate\Http\Request))
#34 /Applications/XAMPP/xamppfiles/htdocs/Atypikhouse_gilbert/vendor/laravel/framework/src/Illuminate/Pipeline/Pipeline.php(148): Illuminate\Cookie\Middleware\EncryptCookies->handle(Object(Illuminate\Http\Request), Object(Closure))
#35 /Applications/XAMPP/xamppfiles/htdocs/Atypikhouse_gilbert/vendor/laravel/framework/src/Illuminate/Routing/Pipeline.php(53): Illuminate\Pipeline\Pipeline->Illuminate\Pipeline\{closure}(Object(Illuminate\Http\Request))
#36 /Applications/XAMPP/xamppfiles/htdocs/Atypikhouse_gilbert/vendor/laravel/framework/src/Illuminate/Pipeline/Pipeline.php(102): Illuminate\Routing\Pipeline->Illuminate\Routing\{closure}(Object(Illuminate\Http\Request))
#37 /Applications/XAMPP/xamppfiles/htdocs/Atypikhouse_gilbert/vendor/laravel/framework/src/Illuminate/Routing/Router.php(574): Illuminate\Pipeline\Pipeline->then(Object(Closure))
#38 /Applications/XAMPP/xamppfiles/htdocs/Atypikhouse_gilbert/vendor/laravel/framework/src/Illuminate/Routing/Router.php(533): Illuminate\Routing\Router->runRouteWithinStack(Object(Illuminate\Routing\Route), Object(Illuminate\Http\Request))
#39 /Applications/XAMPP/xamppfiles/htdocs/Atypikhouse_gilbert/vendor/laravel/framework/src/Illuminate/Routing/Router.php(511): Illuminate\Routing\Router->dispatchToRoute(Object(Illuminate\Http\Request))
#40 /Applications/XAMPP/xamppfiles/htdocs/Atypikhouse_gilbert/vendor/laravel/framework/src/Illuminate/Foundation/Http/Kernel.php(176): Illuminate\Routing\Router->dispatch(Object(Illuminate\Http\Request))
#41 /Applications/XAMPP/xamppfiles/htdocs/Atypikhouse_gilbert/vendor/laravel/framework/src/Illuminate/Routing/Pipeline.php(30): Illuminate\Foundation\Http\Kernel->Illuminate\Foundation\Http\{closure}(Object(Illuminate\Http\Request))
#42 /Applications/XAMPP/xamppfiles/htdocs/Atypikhouse_gilbert/vendor/barryvdh/laravel-debugbar/src/Middleware/Debugbar.php(51): Illuminate\Routing\Pipeline->Illuminate\Routing\{closure}(Object(Illuminate\Http\Request))
#43 /Applications/XAMPP/xamppfiles/htdocs/Atypikhouse_gilbert/vendor/laravel/framework/src/Illuminate/Pipeline/Pipeline.php(148): Barryvdh\Debugbar\Middleware\Debugbar->handle(Object(Illuminate\Http\Request), Object(Closure))
#44 /Applications/XAMPP/xamppfiles/htdocs/Atypikhouse_gilbert/vendor/laravel/framework/src/Illuminate/Routing/Pipeline.php(53): Illuminate\Pipeline\Pipeline->Illuminate\Pipeline\{closure}(Object(Illuminate\Http\Request))
#45 /Applications/XAMPP/xamppfiles/htdocs/Atypikhouse_gilbert/vendor/laravel/framework/src/Illuminate/Foundation/Http/Middleware/TransformsRequest.php(30): Illuminate\Routing\Pipeline->Illuminate\Routing\{closure}(Object(Illuminate\Http\Request))
#46 /Applications/XAMPP/xamppfiles/htdocs/Atypikhouse_gilbert/vendor/laravel/framework/src/Illuminate/Pipeline/Pipeline.php(148): Illuminate\Foundation\Http\Middleware\TransformsRequest->handle(Object(Illuminate\Http\Request), Object(Closure))
#47 /Applications/XAMPP/xamppfiles/htdocs/Atypikhouse_gilbert/vendor/laravel/framework/src/Illuminate/Routing/Pipeline.php(53): Illuminate\Pipeline\Pipeline->Illuminate\Pipeline\{closure}(Object(Illuminate\Http\Request))
#48 /Applications/XAMPP/xamppfiles/htdocs/Atypikhouse_gilbert/vendor/laravel/framework/src/Illuminate/Foundation/Http/Middleware/TransformsRequest.php(30): Illuminate\Routing\Pipeline->Illuminate\Routing\{closure}(Object(Illuminate\Http\Request))
#49 /Applications/XAMPP/xamppfiles/htdocs/Atypikhouse_gilbert/vendor/laravel/framework/src/Illuminate/Pipeline/Pipeline.php(148): Illuminate\Foundation\Http\Middleware\TransformsRequest->handle(Object(Illuminate\Http\Request), Object(Closure))
#50 /Applications/XAMPP/xamppfiles/htdocs/Atypikhouse_gilbert/vendor/laravel/framework/src/Illuminate/Routing/Pipeline.php(53): Illuminate\Pipeline\Pipeline->Illuminate\Pipeline\{closure}(Object(Illuminate\Http\Request))
#51 /Applications/XAMPP/xamppfiles/htdocs/Atypikhouse_gilbert/vendor/laravel/framework/src/Illuminate/Foundation/Http/Middleware/ValidatePostSize.php(27): Illuminate\Routing\Pipeline->Illuminate\Routing\{closure}(Object(Illuminate\Http\Request))
#52 /Applications/XAMPP/xamppfiles/htdocs/Atypikhouse_gilbert/vendor/laravel/framework/src/Illuminate/Pipeline/Pipeline.php(148): Illuminate\Foundation\Http\Middleware\ValidatePostSize->handle(Object(Illuminate\Http\Request), Object(Closure))
#53 /Applications/XAMPP/xamppfiles/htdocs/Atypikhouse_gilbert/vendor/laravel/framework/src/Illuminate/Routing/Pipeline.php(53): Illuminate\Pipeline\Pipeline->Illuminate\Pipeline\{closure}(Object(Illuminate\Http\Request))
#54 /Applications/XAMPP/xamppfiles/htdocs/Atypikhouse_gilbert/vendor/laravel/framework/src/Illuminate/Foundation/Http/Middleware/CheckForMaintenanceMode.php(46): Illuminate\Routing\Pipeline->Illuminate\Routing\{closure}(Object(Illuminate\Http\Request))
#55 /Applications/XAMPP/xamppfiles/htdocs/Atypikhouse_gilbert/vendor/laravel/framework/src/Illuminate/Pipeline/Pipeline.php(148): Illuminate\Foundation\Http\Middleware\CheckForMaintenanceMode->handle(Object(Illuminate\Http\Request), Object(Closure))
#56 /Applications/XAMPP/xamppfiles/htdocs/Atypikhouse_gilbert/vendor/laravel/framework/src/Illuminate/Routing/Pipeline.php(53): Illuminate\Pipeline\Pipeline->Illuminate\Pipeline\{closure}(Object(Illuminate\Http\Request))
#57 /Applications/XAMPP/xamppfiles/htdocs/Atypikhouse_gilbert/vendor/laravel/framework/src/Illuminate/Pipeline/Pipeline.php(102): Illuminate\Routing\Pipeline->Illuminate\Routing\{closure}(Object(Illuminate\Http\Request))
#58 /Applications/XAMPP/xamppfiles/htdocs/Atypikhouse_gilbert/vendor/laravel/framework/src/Illuminate/Foundation/Http/Kernel.php(151): Illuminate\Pipeline\Pipeline->then(Object(Closure))
#59 /Applications/XAMPP/xamppfiles/htdocs/Atypikhouse_gilbert/vendor/laravel/framework/src/Illuminate/Foundation/Http/Kernel.php(116): Illuminate\Foundation\Http\Kernel->sendRequestThroughRouter(Object(Illuminate\Http\Request))
#60 /Applications/XAMPP/xamppfiles/htdocs/Atypikhouse_gilbert/public/index.php(59): Illuminate\Foundation\Http\Kernel->handle(Object(Illuminate\Http\Request))
#61 /Applications/XAMPP/xamppfiles/htdocs/Atypikhouse_gilbert/server.php(21): require_once('/Applications/X...')
#62 {main}  
[2020-06-22 14:53:23] local.ERROR: ErrorException: file_put_contents(/Applications/XAMPP/xamppfiles/htdocs/Atypikhouse_gilbert/storage/framework/sessions/ToNJjcoNUrYTGRY8gqhXZ7fJeSDZjc0phRtCS225): failed to open stream: No such file or directory in /Applications/XAMPP/xamppfiles/htdocs/Atypikhouse_gilbert/vendor/laravel/framework/src/Illuminate/Filesystem/Filesystem.php:122
Stack trace:
#0 [internal function]: Illuminate\Foundation\Bootstrap\HandleExceptions->handleError(2, 'file_put_conten...', '/Applications/X...', 122, Array)
#1 /Applications/XAMPP/xamppfiles/htdocs/Atypikhouse_gilbert/vendor/laravel/framework/src/Illuminate/Filesystem/Filesystem.php(122): file_put_contents('/Applications/X...', 'a:4:{s:6:"_toke...', 2)
#2 /Applications/XAMPP/xamppfiles/htdocs/Atypikhouse_gilbert/vendor/laravel/framework/src/Illuminate/Session/FileSessionHandler.php(83): Illuminate\Filesystem\Filesystem->put('/Applications/X...', 'a:4:{s:6:"_toke...', true)
#3 /Applications/XAMPP/xamppfiles/htdocs/Atypikhouse_gilbert/vendor/laravel/framework/src/Illuminate/Session/Store.php(128): Illuminate\Session\FileSessionHandler->write('ToNJjcoNUrYTGRY...', 'a:4:{s:6:"_toke...')
#4 /Applications/XAMPP/xamppfiles/htdocs/Atypikhouse_gilbert/vendor/laravel/framework/src/Illuminate/Session/Middleware/StartSession.php(88): Illuminate\Session\Store->save()
#5 /Applications/XAMPP/xamppfiles/htdocs/Atypikhouse_gilbert/vendor/laravel/framework/src/Illuminate/Foundation/Http/Kernel.php(218): Illuminate\Session\Middleware\StartSession->terminate(Object(Illuminate\Http\Request), Object(Illuminate\Http\Response))
#6 /Applications/XAMPP/xamppfiles/htdocs/Atypikhouse_gilbert/vendor/laravel/framework/src/Illuminate/Foundation/Http/Kernel.php(189): Illuminate\Foundation\Http\Kernel->terminateMiddleware(Object(Illuminate\Http\Request), Object(Illuminate\Http\Response))
#7 /Applications/XAMPP/xamppfiles/htdocs/Atypikhouse_gilbert/public/index.php(64): Illuminate\Foundation\Http\Kernel->terminate(Object(Illuminate\Http\Request), Object(Illuminate\Http\Response))
#8 /Applications/XAMPP/xamppfiles/htdocs/Atypikhouse_gilbert/server.php(21): require_once('/Applications/X...')
#9 {main}  
[2020-06-22 14:53:26] local.ERROR: InvalidArgumentException: Please provide a valid cache path. in /Applications/XAMPP/xamppfiles/htdocs/Atypikhouse_gilbert/vendor/laravel/framework/src/Illuminate/View/Compilers/Compiler.php:36
Stack trace:
#0 /Applications/XAMPP/xamppfiles/htdocs/Atypikhouse_gilbert/vendor/laravel/framework/src/Illuminate/View/ViewServiceProvider.php(128): Illuminate\View\Compilers\Compiler->__construct(Object(Illuminate\Filesystem\Filesystem), false)
#1 /Applications/XAMPP/xamppfiles/htdocs/Atypikhouse_gilbert/vendor/laravel/framework/src/Illuminate/Container/Container.php(726): Illuminate\View\ViewServiceProvider->Illuminate\View\{closure}(Object(Illuminate\Foundation\Application), Array)
#2 /Applications/XAMPP/xamppfiles/htdocs/Atypikhouse_gilbert/vendor/laravel/framework/src/Illuminate/Container/Container.php(608): Illuminate\Container\Container->build(Object(Closure))
#3 /Applications/XAMPP/xamppfiles/htdocs/Atypikhouse_gilbert/vendor/laravel/framework/src/Illuminate/Container/Container.php(575): Illuminate\Container\Container->resolve('blade.compiler')
#4 /Applications/XAMPP/xamppfiles/htdocs/Atypikhouse_gilbert/vendor/laravel/framework/src/Illuminate/Foundation/Application.php(728): Illuminate\Container\Container->make('blade.compiler')
#5 /Applications/XAMPP/xamppfiles/htdocs/Atypikhouse_gilbert/vendor/laravel/framework/src/Illuminate/Container/Container.php(1172): Illuminate\Foundation\Application->make('blade.compiler')
#6 /Applications/XAMPP/xamppfiles/htdocs/Atypikhouse_gilbert/vendor/laravel/framework/src/Illuminate/View/ViewServiceProvider.php(133): Illuminate\Container\Container->offsetGet('blade.compiler')
#7 [internal function]: Illuminate\View\ViewServiceProvider->Illuminate\View\{closure}()
#8 /Applications/XAMPP/xamppfiles/htdocs/Atypikhouse_gilbert/vendor/laravel/framework/src/Illuminate/View/Engines/EngineResolver.php(54): call_user_func(Object(Closure))
#9 /Applications/XAMPP/xamppfiles/htdocs/Atypikhouse_gilbert/vendor/laravel/framework/src/Illuminate/View/Factory.php(263): Illuminate\View\Engines\EngineResolver->resolve('blade')
#10 /Applications/XAMPP/xamppfiles/htdocs/Atypikhouse_gilbert/vendor/laravel/framework/src/Illuminate/View/Factory.php(227): Illuminate\View\Factory->getEngineFromPath('/Applications/X...')
#11 /Applications/XAMPP/xamppfiles/htdocs/Atypikhouse_gilbert/vendor/laravel/framework/src/Illuminate/View/Factory.php(136): Illuminate\View\Factory->viewInstance('home', '/Applications/X...', Array)
#12 /Applications/XAMPP/xamppfiles/htdocs/Atypikhouse_gilbert/vendor/laravel/framework/src/Illuminate/Foundation/helpers.php(885): Illuminate\View\Factory->make('home', Array, Array)
#13 /Applications/XAMPP/xamppfiles/htdocs/Atypikhouse_gilbert/app/Http/Controllers/HomeController.php(36): view('home')
#14 [internal function]: App\Http\Controllers\HomeController->index(Object(Illuminate\Http\Request))
#15 /Applications/XAMPP/xamppfiles/htdocs/Atypikhouse_gilbert/vendor/laravel/framework/src/Illuminate/Routing/Controller.php(55): call_user_func_array(Array, Array)
#16 /Applications/XAMPP/xamppfiles/htdocs/Atypikhouse_gilbert/vendor/laravel/framework/src/Illuminate/Routing/ControllerDispatcher.php(44): Illuminate\Routing\Controller->callAction('index', Array)
#17 /Applications/XAMPP/xamppfiles/htdocs/Atypikhouse_gilbert/vendor/laravel/framework/src/Illuminate/Routing/Route.php(203): Illuminate\Routing\ControllerDispatcher->dispatch(Object(Illuminate\Routing\Route), Object(App\Http\Controllers\HomeController), 'index')
#18 /Applications/XAMPP/xamppfiles/htdocs/Atypikhouse_gilbert/vendor/laravel/framework/src/Illuminate/Routing/Route.php(160): Illuminate\Routing\Route->runController()
#19 /Applications/XAMPP/xamppfiles/htdocs/Atypikhouse_gilbert/vendor/laravel/framework/src/Illuminate/Routing/Router.php(572): Illuminate\Routing\Route->run()
#20 /Applications/XAMPP/xamppfiles/htdocs/Atypikhouse_gilbert/vendor/laravel/framework/src/Illuminate/Routing/Pipeline.php(30): Illuminate\Routing\Router->Illuminate\Routing\{closure}(Object(Illuminate\Http\Request))
#21 /Applications/XAMPP/xamppfiles/htdocs/Atypikhouse_gilbert/vendor/laravel/framework/src/Illuminate/Routing/Middleware/SubstituteBindings.php(41): Illuminate\Routing\Pipeline->Illuminate\Routing\{closure}(Object(Illuminate\Http\Request))
#22 /Applications/XAMPP/xamppfiles/htdocs/Atypikhouse_gilbert/vendor/laravel/framework/src/Illuminate/Pipeline/Pipeline.php(148): Illuminate\Routing\Middleware\SubstituteBindings->handle(Object(Illuminate\Http\Request), Object(Closure))
#23 /Applications/XAMPP/xamppfiles/htdocs/Atypikhouse_gilbert/vendor/laravel/framework/src/Illuminate/Routing/Pipeline.php(53): Illuminate\Pipeline\Pipeline->Illuminate\Pipeline\{closure}(Object(Illuminate\Http\Request))
#24 /Applications/XAMPP/xamppfiles/htdocs/Atypikhouse_gilbert/vendor/laravel/framework/src/Illuminate/View/Middleware/ShareErrorsFromSession.php(49): Illuminate\Routing\Pipeline->Illuminate\Routing\{closure}(Object(Illuminate\Http\Request))
#25 /Applications/XAMPP/xamppfiles/htdocs/Atypikhouse_gilbert/vendor/laravel/framework/src/Illuminate/Pipeline/Pipeline.php(148): Illuminate\View\Middleware\ShareErrorsFromSession->handle(Object(Illuminate\Http\Request), Object(Closure))
#26 /Applications/XAMPP/xamppfiles/htdocs/Atypikhouse_gilbert/vendor/laravel/framework/src/Illuminate/Routing/Pipeline.php(53): Illuminate\Pipeline\Pipeline->Illuminate\Pipeline\{closure}(Object(Illuminate\Http\Request))
#27 /Applications/XAMPP/xamppfiles/htdocs/Atypikhouse_gilbert/vendor/laravel/framework/src/Illuminate/Session/Middleware/StartSession.php(64): Illuminate\Routing\Pipeline->Illuminate\Routing\{closure}(Object(Illuminate\Http\Request))
#28 /Applications/XAMPP/xamppfiles/htdocs/Atypikhouse_gilbert/vendor/laravel/framework/src/Illuminate/Pipeline/Pipeline.php(148): Illuminate\Session\Middleware\StartSession->handle(Object(Illuminate\Http\Request), Object(Closure))
#29 /Applications/XAMPP/xamppfiles/htdocs/Atypikhouse_gilbert/vendor/laravel/framework/src/Illuminate/Routing/Pipeline.php(53): Illuminate\Pipeline\Pipeline->Illuminate\Pipeline\{closure}(Object(Illuminate\Http\Request))
#30 /Applications/XAMPP/xamppfiles/htdocs/Atypikhouse_gilbert/vendor/laravel/framework/src/Illuminate/Cookie/Middleware/AddQueuedCookiesToResponse.php(37): Illuminate\Routing\Pipeline->Illuminate\Routing\{closure}(Object(Illuminate\Http\Request))
#31 /Applications/XAMPP/xamppfiles/htdocs/Atypikhouse_gilbert/vendor/laravel/framework/src/Illuminate/Pipeline/Pipeline.php(148): Illuminate\Cookie\Middleware\AddQueuedCookiesToResponse->handle(Object(Illuminate\Http\Request), Object(Closure))
#32 /Applications/XAMPP/xamppfiles/htdocs/Atypikhouse_gilbert/vendor/laravel/framework/src/Illuminate/Routing/Pipeline.php(53): Illuminate\Pipeline\Pipeline->Illuminate\Pipeline\{closure}(Object(Illuminate\Http\Request))
#33 /Applications/XAMPP/xamppfiles/htdocs/Atypikhouse_gilbert/vendor/laravel/framework/src/Illuminate/Cookie/Middleware/EncryptCookies.php(59): Illuminate\Routing\Pipeline->Illuminate\Routing\{closure}(Object(Illuminate\Http\Request))
#34 /Applications/XAMPP/xamppfiles/htdocs/Atypikhouse_gilbert/vendor/laravel/framework/src/Illuminate/Pipeline/Pipeline.php(148): Illuminate\Cookie\Middleware\EncryptCookies->handle(Object(Illuminate\Http\Request), Object(Closure))
#35 /Applications/XAMPP/xamppfiles/htdocs/Atypikhouse_gilbert/vendor/laravel/framework/src/Illuminate/Routing/Pipeline.php(53): Illuminate\Pipeline\Pipeline->Illuminate\Pipeline\{closure}(Object(Illuminate\Http\Request))
#36 /Applications/XAMPP/xamppfiles/htdocs/Atypikhouse_gilbert/vendor/laravel/framework/src/Illuminate/Pipeline/Pipeline.php(102): Illuminate\Routing\Pipeline->Illuminate\Routing\{closure}(Object(Illuminate\Http\Request))
#37 /Applications/XAMPP/xamppfiles/htdocs/Atypikhouse_gilbert/vendor/laravel/framework/src/Illuminate/Routing/Router.php(574): Illuminate\Pipeline\Pipeline->then(Object(Closure))
#38 /Applications/XAMPP/xamppfiles/htdocs/Atypikhouse_gilbert/vendor/laravel/framework/src/Illuminate/Routing/Router.php(533): Illuminate\Routing\Router->runRouteWithinStack(Object(Illuminate\Routing\Route), Object(Illuminate\Http\Request))
#39 /Applications/XAMPP/xamppfiles/htdocs/Atypikhouse_gilbert/vendor/laravel/framework/src/Illuminate/Routing/Router.php(511): Illuminate\Routing\Router->dispatchToRoute(Object(Illuminate\Http\Request))
#40 /Applications/XAMPP/xamppfiles/htdocs/Atypikhouse_gilbert/vendor/laravel/framework/src/Illuminate/Foundation/Http/Kernel.php(176): Illuminate\Routing\Router->dispatch(Object(Illuminate\Http\Request))
#41 /Applications/XAMPP/xamppfiles/htdocs/Atypikhouse_gilbert/vendor/laravel/framework/src/Illuminate/Routing/Pipeline.php(30): Illuminate\Foundation\Http\Kernel->Illuminate\Foundation\Http\{closure}(Object(Illuminate\Http\Request))
#42 /Applications/XAMPP/xamppfiles/htdocs/Atypikhouse_gilbert/vendor/barryvdh/laravel-debugbar/src/Middleware/Debugbar.php(51): Illuminate\Routing\Pipeline->Illuminate\Routing\{closure}(Object(Illuminate\Http\Request))
#43 /Applications/XAMPP/xamppfiles/htdocs/Atypikhouse_gilbert/vendor/laravel/framework/src/Illuminate/Pipeline/Pipeline.php(148): Barryvdh\Debugbar\Middleware\Debugbar->handle(Object(Illuminate\Http\Request), Object(Closure))
#44 /Applications/XAMPP/xamppfiles/htdocs/Atypikhouse_gilbert/vendor/laravel/framework/src/Illuminate/Routing/Pipeline.php(53): Illuminate\Pipeline\Pipeline->Illuminate\Pipeline\{closure}(Object(Illuminate\Http\Request))
#45 /Applications/XAMPP/xamppfiles/htdocs/Atypikhouse_gilbert/vendor/laravel/framework/src/Illuminate/Foundation/Http/Middleware/TransformsRequest.php(30): Illuminate\Routing\Pipeline->Illuminate\Routing\{closure}(Object(Illuminate\Http\Request))
#46 /Applications/XAMPP/xamppfiles/htdocs/Atypikhouse_gilbert/vendor/laravel/framework/src/Illuminate/Pipeline/Pipeline.php(148): Illuminate\Foundation\Http\Middleware\TransformsRequest->handle(Object(Illuminate\Http\Request), Object(Closure))
#47 /Applications/XAMPP/xamppfiles/htdocs/Atypikhouse_gilbert/vendor/laravel/framework/src/Illuminate/Routing/Pipeline.php(53): Illuminate\Pipeline\Pipeline->Illuminate\Pipeline\{closure}(Object(Illuminate\Http\Request))
#48 /Applications/XAMPP/xamppfiles/htdocs/Atypikhouse_gilbert/vendor/laravel/framework/src/Illuminate/Foundation/Http/Middleware/TransformsRequest.php(30): Illuminate\Routing\Pipeline->Illuminate\Routing\{closure}(Object(Illuminate\Http\Request))
#49 /Applications/XAMPP/xamppfiles/htdocs/Atypikhouse_gilbert/vendor/laravel/framework/src/Illuminate/Pipeline/Pipeline.php(148): Illuminate\Foundation\Http\Middleware\TransformsRequest->handle(Object(Illuminate\Http\Request), Object(Closure))
#50 /Applications/XAMPP/xamppfiles/htdocs/Atypikhouse_gilbert/vendor/laravel/framework/src/Illuminate/Routing/Pipeline.php(53): Illuminate\Pipeline\Pipeline->Illuminate\Pipeline\{closure}(Object(Illuminate\Http\Request))
#51 /Applications/XAMPP/xamppfiles/htdocs/Atypikhouse_gilbert/vendor/laravel/framework/src/Illuminate/Foundation/Http/Middleware/ValidatePostSize.php(27): Illuminate\Routing\Pipeline->Illuminate\Routing\{closure}(Object(Illuminate\Http\Request))
#52 /Applications/XAMPP/xamppfiles/htdocs/Atypikhouse_gilbert/vendor/laravel/framework/src/Illuminate/Pipeline/Pipeline.php(148): Illuminate\Foundation\Http\Middleware\ValidatePostSize->handle(Object(Illuminate\Http\Request), Object(Closure))
#53 /Applications/XAMPP/xamppfiles/htdocs/Atypikhouse_gilbert/vendor/laravel/framework/src/Illuminate/Routing/Pipeline.php(53): Illuminate\Pipeline\Pipeline->Illuminate\Pipeline\{closure}(Object(Illuminate\Http\Request))
#54 /Applications/XAMPP/xamppfiles/htdocs/Atypikhouse_gilbert/vendor/laravel/framework/src/Illuminate/Foundation/Http/Middleware/CheckForMaintenanceMode.php(46): Illuminate\Routing\Pipeline->Illuminate\Routing\{closure}(Object(Illuminate\Http\Request))
#55 /Applications/XAMPP/xamppfiles/htdocs/Atypikhouse_gilbert/vendor/laravel/framework/src/Illuminate/Pipeline/Pipeline.php(148): Illuminate\Foundation\Http\Middleware\CheckForMaintenanceMode->handle(Object(Illuminate\Http\Request), Object(Closure))
#56 /Applications/XAMPP/xamppfiles/htdocs/Atypikhouse_gilbert/vendor/laravel/framework/src/Illuminate/Routing/Pipeline.php(53): Illuminate\Pipeline\Pipeline->Illuminate\Pipeline\{closure}(Object(Illuminate\Http\Request))
#57 /Applications/XAMPP/xamppfiles/htdocs/Atypikhouse_gilbert/vendor/laravel/framework/src/Illuminate/Pipeline/Pipeline.php(102): Illuminate\Routing\Pipeline->Illuminate\Routing\{closure}(Object(Illuminate\Http\Request))
#58 /Applications/XAMPP/xamppfiles/htdocs/Atypikhouse_gilbert/vendor/laravel/framework/src/Illuminate/Foundation/Http/Kernel.php(151): Illuminate\Pipeline\Pipeline->then(Object(Closure))
#59 /Applications/XAMPP/xamppfiles/htdocs/Atypikhouse_gilbert/vendor/laravel/framework/src/Illuminate/Foundation/Http/Kernel.php(116): Illuminate\Foundation\Http\Kernel->sendRequestThroughRouter(Object(Illuminate\Http\Request))
#60 /Applications/XAMPP/xamppfiles/htdocs/Atypikhouse_gilbert/public/index.php(59): Illuminate\Foundation\Http\Kernel->handle(Object(Illuminate\Http\Request))
#61 /Applications/XAMPP/xamppfiles/htdocs/Atypikhouse_gilbert/server.php(21): require_once('/Applications/X...')
#62 {main}  
[2020-06-22 14:53:26] local.ERROR: ErrorException: file_put_contents(/Applications/XAMPP/xamppfiles/htdocs/Atypikhouse_gilbert/storage/framework/sessions/ToNJjcoNUrYTGRY8gqhXZ7fJeSDZjc0phRtCS225): failed to open stream: No such file or directory in /Applications/XAMPP/xamppfiles/htdocs/Atypikhouse_gilbert/vendor/laravel/framework/src/Illuminate/Filesystem/Filesystem.php:122
Stack trace:
#0 [internal function]: Illuminate\Foundation\Bootstrap\HandleExceptions->handleError(2, 'file_put_conten...', '/Applications/X...', 122, Array)
#1 /Applications/XAMPP/xamppfiles/htdocs/Atypikhouse_gilbert/vendor/laravel/framework/src/Illuminate/Filesystem/Filesystem.php(122): file_put_contents('/Applications/X...', 'a:4:{s:6:"_toke...', 2)
#2 /Applications/XAMPP/xamppfiles/htdocs/Atypikhouse_gilbert/vendor/laravel/framework/src/Illuminate/Session/FileSessionHandler.php(83): Illuminate\Filesystem\Filesystem->put('/Applications/X...', 'a:4:{s:6:"_toke...', true)
#3 /Applications/XAMPP/xamppfiles/htdocs/Atypikhouse_gilbert/vendor/laravel/framework/src/Illuminate/Session/Store.php(128): Illuminate\Session\FileSessionHandler->write('ToNJjcoNUrYTGRY...', 'a:4:{s:6:"_toke...')
#4 /Applications/XAMPP/xamppfiles/htdocs/Atypikhouse_gilbert/vendor/laravel/framework/src/Illuminate/Session/Middleware/StartSession.php(88): Illuminate\Session\Store->save()
#5 /Applications/XAMPP/xamppfiles/htdocs/Atypikhouse_gilbert/vendor/laravel/framework/src/Illuminate/Foundation/Http/Kernel.php(218): Illuminate\Session\Middleware\StartSession->terminate(Object(Illuminate\Http\Request), Object(Illuminate\Http\Response))
#6 /Applications/XAMPP/xamppfiles/htdocs/Atypikhouse_gilbert/vendor/laravel/framework/src/Illuminate/Foundation/Http/Kernel.php(189): Illuminate\Foundation\Http\Kernel->terminateMiddleware(Object(Illuminate\Http\Request), Object(Illuminate\Http\Response))
#7 /Applications/XAMPP/xamppfiles/htdocs/Atypikhouse_gilbert/public/index.php(64): Illuminate\Foundation\Http\Kernel->terminate(Object(Illuminate\Http\Request), Object(Illuminate\Http\Response))
#8 /Applications/XAMPP/xamppfiles/htdocs/Atypikhouse_gilbert/server.php(21): require_once('/Applications/X...')
#9 {main}  
